{"/Users/rosale/Downloads/evan-rosal-main/calculator.js": {"path":"/Users/rosale/Downloads/evan-rosal-main/calculator.js","statementMap":{"0":{"start":{"line":1,"column":14},"end":{"line":1,"column":37}},"1":{"start":{"line":2,"column":23},"end":{"line":2,"column":55}},"2":{"start":{"line":9,"column":27},"end":{"line":9,"column":41}},"3":{"start":{"line":10,"column":21},"end":{"line":10,"column":26}},"4":{"start":{"line":11,"column":19},"end":{"line":11,"column":24}},"5":{"start":{"line":12,"column":18},"end":{"line":12,"column":23}},"6":{"start":{"line":13,"column":16},"end":{"line":13,"column":18}},"7":{"start":{"line":14,"column":11},"end":{"line":14,"column":13}},"8":{"start":{"line":16,"column":0},"end":{"line":64,"column":5}},"9":{"start":{"line":17,"column":17},"end":{"line":61,"column":8}},"10":{"start":{"line":18,"column":21},"end":{"line":18,"column":35}},"11":{"start":{"line":20,"column":4},"end":{"line":23,"column":5}},"12":{"start":{"line":21,"column":6},"end":{"line":21,"column":42}},"13":{"start":{"line":22,"column":6},"end":{"line":22,"column":17}},"14":{"start":{"line":25,"column":17},"end":{"line":25,"column":42}},"15":{"start":{"line":26,"column":15},"end":{"line":26,"column":38}},"16":{"start":{"line":28,"column":4},"end":{"line":31,"column":5}},"17":{"start":{"line":29,"column":6},"end":{"line":29,"column":42}},"18":{"start":{"line":30,"column":6},"end":{"line":30,"column":17}},"19":{"start":{"line":33,"column":4},"end":{"line":36,"column":5}},"20":{"start":{"line":34,"column":6},"end":{"line":34,"column":42}},"21":{"start":{"line":35,"column":6},"end":{"line":35,"column":17}},"22":{"start":{"line":38,"column":4},"end":{"line":41,"column":5}},"23":{"start":{"line":39,"column":6},"end":{"line":39,"column":42}},"24":{"start":{"line":40,"column":6},"end":{"line":40,"column":17}},"25":{"start":{"line":43,"column":4},"end":{"line":55,"column":5}},"26":{"start":{"line":44,"column":6},"end":{"line":44,"column":49}},"27":{"start":{"line":45,"column":6},"end":{"line":45,"column":57}},"28":{"start":{"line":46,"column":11},"end":{"line":55,"column":5}},"29":{"start":{"line":47,"column":6},"end":{"line":47,"column":47}},"30":{"start":{"line":48,"column":6},"end":{"line":48,"column":57}},"31":{"start":{"line":49,"column":11},"end":{"line":55,"column":5}},"32":{"start":{"line":50,"column":6},"end":{"line":50,"column":46}},"33":{"start":{"line":51,"column":6},"end":{"line":51,"column":57}},"34":{"start":{"line":53,"column":6},"end":{"line":53,"column":37}},"35":{"start":{"line":54,"column":6},"end":{"line":54,"column":57}},"36":{"start":{"line":58,"column":4},"end":{"line":58,"column":25}},"37":{"start":{"line":60,"column":4},"end":{"line":60,"column":15}},"38":{"start":{"line":63,"column":2},"end":{"line":63,"column":83}},"39":{"start":{"line":67,"column":15},"end":{"line":67,"column":34}},"40":{"start":{"line":68,"column":2},"end":{"line":68,"column":35}},"41":{"start":{"line":72,"column":15},"end":{"line":72,"column":34}},"42":{"start":{"line":73,"column":2},"end":{"line":73,"column":42}},"43":{"start":{"line":77,"column":2},"end":{"line":77,"column":19}},"44":{"start":{"line":81,"column":2},"end":{"line":81,"column":44}},"45":{"start":{"line":81,"column":32},"end":{"line":81,"column":44}},"46":{"start":{"line":82,"column":2},"end":{"line":82,"column":42}},"47":{"start":{"line":82,"column":30},"end":{"line":82,"column":42}},"48":{"start":{"line":83,"column":2},"end":{"line":83,"column":15}},"49":{"start":{"line":87,"column":2},"end":{"line":87,"column":39}},"50":{"start":{"line":87,"column":27},"end":{"line":87,"column":39}},"51":{"start":{"line":88,"column":2},"end":{"line":88,"column":15}},"52":{"start":{"line":92,"column":2},"end":{"line":92,"column":39}},"53":{"start":{"line":92,"column":27},"end":{"line":92,"column":39}},"54":{"start":{"line":93,"column":2},"end":{"line":93,"column":15}},"55":{"start":{"line":97,"column":18},"end":{"line":97,"column":31}},"56":{"start":{"line":98,"column":2},"end":{"line":98,"column":33}},"57":{"start":{"line":98,"column":21},"end":{"line":98,"column":33}},"58":{"start":{"line":99,"column":2},"end":{"line":99,"column":32}},"59":{"start":{"line":99,"column":20},"end":{"line":99,"column":32}},"60":{"start":{"line":100,"column":2},"end":{"line":100,"column":15}},"61":{"start":{"line":104,"column":15},"end":{"line":104,"column":34}},"62":{"start":{"line":105,"column":16},"end":{"line":105,"column":41}},"63":{"start":{"line":107,"column":2},"end":{"line":107,"column":54}},"64":{"start":{"line":107,"column":26},"end":{"line":107,"column":54}},"65":{"start":{"line":108,"column":2},"end":{"line":108,"column":50}},"66":{"start":{"line":108,"column":24},"end":{"line":108,"column":50}},"67":{"start":{"line":109,"column":2},"end":{"line":109,"column":48}},"68":{"start":{"line":109,"column":23},"end":{"line":109,"column":48}},"69":{"start":{"line":112,"column":2},"end":{"line":112,"column":25}},"70":{"start":{"line":116,"column":2},"end":{"line":120,"column":4}},"71":{"start":{"line":125,"column":0},"end":{"line":127,"column":2}}},"fnMap":{"0":{"name":"(anonymous_0)","decl":{"start":{"line":16,"column":1},"end":{"line":16,"column":2}},"loc":{"start":{"line":16,"column":7},"end":{"line":64,"column":1}},"line":16},"1":{"name":"(anonymous_1)","decl":{"start":{"line":17,"column":30},"end":{"line":17,"column":31}},"loc":{"start":{"line":17,"column":48},"end":{"line":61,"column":3}},"line":17},"2":{"name":"isLessThan1Hour","decl":{"start":{"line":66,"column":9},"end":{"line":66,"column":24}},"loc":{"start":{"line":66,"column":35},"end":{"line":69,"column":1}},"line":66},"3":{"name":"isGreaterThan24Hours","decl":{"start":{"line":71,"column":9},"end":{"line":71,"column":29}},"loc":{"start":{"line":71,"column":40},"end":{"line":74,"column":1}},"line":71},"4":{"name":"hasEndedBeforeStarted","decl":{"start":{"line":76,"column":9},"end":{"line":76,"column":30}},"loc":{"start":{"line":76,"column":41},"end":{"line":78,"column":1}},"line":76},"5":{"name":"hasIncorrectOffset","decl":{"start":{"line":80,"column":9},"end":{"line":80,"column":27}},"loc":{"start":{"line":80,"column":38},"end":{"line":84,"column":1}},"line":80},"6":{"name":"isSaturday","decl":{"start":{"line":86,"column":9},"end":{"line":86,"column":19}},"loc":{"start":{"line":86,"column":26},"end":{"line":89,"column":1}},"line":86},"7":{"name":"isSunday","decl":{"start":{"line":91,"column":9},"end":{"line":91,"column":17}},"loc":{"start":{"line":91,"column":24},"end":{"line":94,"column":1}},"line":91},"8":{"name":"isNight","decl":{"start":{"line":96,"column":9},"end":{"line":96,"column":16}},"loc":{"start":{"line":96,"column":21},"end":{"line":101,"column":1}},"line":96},"9":{"name":"calculateRate","decl":{"start":{"line":103,"column":9},"end":{"line":103,"column":22}},"loc":{"start":{"line":103,"column":39},"end":{"line":113,"column":1}},"line":103},"10":{"name":"formatBooking","decl":{"start":{"line":115,"column":9},"end":{"line":115,"column":22}},"loc":{"start":{"line":115,"column":60},"end":{"line":121,"column":1}},"line":115}},"branchMap":{"0":{"loc":{"start":{"line":20,"column":4},"end":{"line":23,"column":5}},"type":"if","locations":[{"start":{"line":20,"column":4},"end":{"line":23,"column":5}},{"start":{},"end":{}}],"line":20},"1":{"loc":{"start":{"line":28,"column":4},"end":{"line":31,"column":5}},"type":"if","locations":[{"start":{"line":28,"column":4},"end":{"line":31,"column":5}},{"start":{},"end":{}}],"line":28},"2":{"loc":{"start":{"line":33,"column":4},"end":{"line":36,"column":5}},"type":"if","locations":[{"start":{"line":33,"column":4},"end":{"line":36,"column":5}},{"start":{},"end":{}}],"line":33},"3":{"loc":{"start":{"line":38,"column":4},"end":{"line":41,"column":5}},"type":"if","locations":[{"start":{"line":38,"column":4},"end":{"line":41,"column":5}},{"start":{},"end":{}}],"line":38},"4":{"loc":{"start":{"line":43,"column":4},"end":{"line":55,"column":5}},"type":"if","locations":[{"start":{"line":43,"column":4},"end":{"line":55,"column":5}},{"start":{"line":46,"column":11},"end":{"line":55,"column":5}}],"line":43},"5":{"loc":{"start":{"line":46,"column":11},"end":{"line":55,"column":5}},"type":"if","locations":[{"start":{"line":46,"column":11},"end":{"line":55,"column":5}},{"start":{"line":49,"column":11},"end":{"line":55,"column":5}}],"line":46},"6":{"loc":{"start":{"line":49,"column":11},"end":{"line":55,"column":5}},"type":"if","locations":[{"start":{"line":49,"column":11},"end":{"line":55,"column":5}},{"start":{"line":52,"column":11},"end":{"line":55,"column":5}}],"line":49},"7":{"loc":{"start":{"line":81,"column":2},"end":{"line":81,"column":44}},"type":"if","locations":[{"start":{"line":81,"column":2},"end":{"line":81,"column":44}},{"start":{},"end":{}}],"line":81},"8":{"loc":{"start":{"line":82,"column":2},"end":{"line":82,"column":42}},"type":"if","locations":[{"start":{"line":82,"column":2},"end":{"line":82,"column":42}},{"start":{},"end":{}}],"line":82},"9":{"loc":{"start":{"line":87,"column":2},"end":{"line":87,"column":39}},"type":"if","locations":[{"start":{"line":87,"column":2},"end":{"line":87,"column":39}},{"start":{},"end":{}}],"line":87},"10":{"loc":{"start":{"line":92,"column":2},"end":{"line":92,"column":39}},"type":"if","locations":[{"start":{"line":92,"column":2},"end":{"line":92,"column":39}},{"start":{},"end":{}}],"line":92},"11":{"loc":{"start":{"line":98,"column":2},"end":{"line":98,"column":33}},"type":"if","locations":[{"start":{"line":98,"column":2},"end":{"line":98,"column":33}},{"start":{},"end":{}}],"line":98},"12":{"loc":{"start":{"line":99,"column":2},"end":{"line":99,"column":32}},"type":"if","locations":[{"start":{"line":99,"column":2},"end":{"line":99,"column":32}},{"start":{},"end":{}}],"line":99},"13":{"loc":{"start":{"line":107,"column":2},"end":{"line":107,"column":54}},"type":"if","locations":[{"start":{"line":107,"column":2},"end":{"line":107,"column":54}},{"start":{},"end":{}}],"line":107},"14":{"loc":{"start":{"line":108,"column":2},"end":{"line":108,"column":50}},"type":"if","locations":[{"start":{"line":108,"column":2},"end":{"line":108,"column":50}},{"start":{},"end":{}}],"line":108},"15":{"loc":{"start":{"line":109,"column":2},"end":{"line":109,"column":48}},"type":"if","locations":[{"start":{"line":109,"column":2},"end":{"line":109,"column":48}},{"start":{},"end":{}}],"line":109},"16":{"loc":{"start":{"line":115,"column":32},"end":{"line":115,"column":47}},"type":"default-arg","locations":[{"start":{"line":115,"column":42},"end":{"line":115,"column":47}}],"line":115},"17":{"loc":{"start":{"line":115,"column":49},"end":{"line":115,"column":58}},"type":"default-arg","locations":[{"start":{"line":115,"column":57},"end":{"line":115,"column":58}}],"line":115}},"s":{"0":1,"1":1,"2":1,"3":1,"4":1,"5":1,"6":1,"7":1,"8":1,"9":1,"10":9,"11":9,"12":1,"13":1,"14":8,"15":8,"16":8,"17":1,"18":1,"19":7,"20":1,"21":1,"22":6,"23":1,"24":1,"25":5,"26":1,"27":1,"28":4,"29":0,"30":0,"31":4,"32":2,"33":2,"34":2,"35":2,"36":5,"37":5,"38":1,"39":11,"40":11,"41":10,"42":10,"43":9,"44":13,"45":2,"46":11,"47":2,"48":9,"49":7,"50":2,"51":5,"52":7,"53":1,"54":6,"55":10,"56":10,"57":3,"58":7,"59":3,"60":4,"61":10,"62":10,"63":10,"64":2,"65":8,"66":1,"67":7,"68":3,"69":4,"70":12,"71":1},"f":{"0":1,"1":9,"2":11,"3":10,"4":9,"5":13,"6":7,"7":7,"8":10,"9":10,"10":12},"b":{"0":[1,8],"1":[1,7],"2":[1,6],"3":[1,5],"4":[1,4],"5":[0,4],"6":[2,2],"7":[2,11],"8":[2,9],"9":[2,5],"10":[1,6],"11":[3,7],"12":[3,4],"13":[2,8],"14":[1,7],"15":[3,4],"16":[4],"17":[4]},"_coverageSchema":"1a1c01bbd47fc00a2c39e90264f33305004495a9","hash":"1d9f9a1ecb2f813081e69b674a94d2661abed5f6"}
}
