TN:
SF:calculator.js
FN:16,(anonymous_0)
FN:17,(anonymous_1)
FN:66,isLessThan1Hour
FN:71,isGreaterThan24Hours
FN:76,hasEndedBeforeStarted
FN:80,hasIncorrectOffset
FN:86,isSaturday
FN:91,isSunday
FN:96,isNight
FN:103,calculateRate
FN:115,formatBooking
FNF:11
FNH:11
FNDA:1,(anonymous_0)
FNDA:9,(anonymous_1)
FNDA:11,isLessThan1Hour
FNDA:10,isGreaterThan24Hours
FNDA:9,hasEndedBeforeStarted
FNDA:13,hasIncorrectOffset
FNDA:7,isSaturday
FNDA:7,isSunday
FNDA:10,isNight
FNDA:10,calculateRate
FNDA:12,formatBooking
DA:1,1
DA:2,1
DA:9,1
DA:10,1
DA:11,1
DA:12,1
DA:13,1
DA:14,1
DA:16,1
DA:17,1
DA:18,9
DA:20,9
DA:21,1
DA:22,1
DA:25,8
DA:26,8
DA:28,8
DA:29,1
DA:30,1
DA:33,7
DA:34,1
DA:35,1
DA:38,6
DA:39,1
DA:40,1
DA:43,5
DA:44,1
DA:45,1
DA:46,4
DA:47,0
DA:48,0
DA:49,4
DA:50,2
DA:51,2
DA:53,2
DA:54,2
DA:58,5
DA:60,5
DA:63,1
DA:67,11
DA:68,11
DA:72,10
DA:73,10
DA:77,9
DA:81,13
DA:82,11
DA:83,9
DA:87,7
DA:88,5
DA:92,7
DA:93,6
DA:97,10
DA:98,10
DA:99,7
DA:100,4
DA:104,10
DA:105,10
DA:107,10
DA:108,8
DA:109,7
DA:112,4
DA:116,12
DA:125,1
LF:63
LH:61
BRDA:20,0,0,1
BRDA:20,0,1,8
BRDA:28,1,0,1
BRDA:28,1,1,7
BRDA:33,2,0,1
BRDA:33,2,1,6
BRDA:38,3,0,1
BRDA:38,3,1,5
BRDA:43,4,0,1
BRDA:43,4,1,4
BRDA:46,5,0,0
BRDA:46,5,1,4
BRDA:49,6,0,2
BRDA:49,6,1,2
BRDA:81,7,0,2
BRDA:81,7,1,11
BRDA:82,8,0,2
BRDA:82,8,1,9
BRDA:87,9,0,2
BRDA:87,9,1,5
BRDA:92,10,0,1
BRDA:92,10,1,6
BRDA:98,11,0,3
BRDA:98,11,1,7
BRDA:99,12,0,3
BRDA:99,12,1,4
BRDA:107,13,0,2
BRDA:107,13,1,8
BRDA:108,14,0,1
BRDA:108,14,1,7
BRDA:109,15,0,3
BRDA:109,15,1,4
BRDA:115,16,0,4
BRDA:115,17,0,4
BRF:34
BRH:33
end_of_record
